/radioproject/radioxp/public_html/%7Bsong%7D
/radioproject/radioxp/public_html/Flash,lok%20Media%20Player%20Link
/radioproject/radioxp/public_html/Quick%20Media%20Player%20Link
/radioproject/radioxp/public_html/Real%20Media%20Link
/radioproject/radioxp/public_html/Winamp
/radioproject/radioxp/public_html/Windows%20Player%20Link
/radioproject/radioxp/public_html/about
/radioproject/radioxp/public_html/captcha/captcha.php
/radioproject/radioxp/public_html/chat
/radioproject/radioxp/public_html/contact
/radioproject/radioxp/public_html/ext/matomo/matomo.php
/radioproject/radioxp/public_html/galerija
/radioproject/radioxp/public_html/images/team/default.jpg%20width=
/radioproject/radioxp/public_html/index-3.html
/radioproject/radioxp/public_html/music/ukulele.mp3
/radioproject/radioxp/public_html/register
/radioproject/radioxp/public_html/songname
/radioproject/radioxp/public_html/test
/radioproject/radioxp/public_html/ukulele
/radioproject/radioxp/public_html/undefined
/radioproject/radioxp/public_html/undefined/;
/xmexpistart/public_html/licensetest
/xmexpistart/public_html/query=license
/xmexpistart/public_html/query=t
